== CLI Runtime Parity (protoscriptc --run vs c/ps run) ==
Node compiler: /Users/avialle/dev/ProtoScript2/bin/protoscriptc
CLI runtime:   /Users/avialle/dev/ProtoScript2/c/ps

FAIL invalid/runtime/int_overflow_add
  stderr diverges
  node rc=1 cli rc=1
  stderr diff (normalized):
--- /var/folders/88/nw43wg1s4xb4dr4z8k09jw100000gn/T/tmp.M3H6y54Q22	2026-02-19 01:12:56
+++ /var/folders/88/nw43wg1s4xb4dr4z8k09jw100000gn/T/tmp.SUP8t3YA4x	2026-02-19 01:12:56
@@ -1 +1 @@
-/Users/avialle/dev/ProtoScript2/tests/invalid/runtime/int_overflow_add.pts:5:13 R1001 RUNTIME_INT_OVERFLOW: int overflow. got value; expected value within int range
+/Users/avialle/dev/ProtoScript2/tests/invalid/runtime/int_overflow_add.pts:5:13 R1001 RUNTIME_INT_OVERFLOW: int overflow. got 9223372036854775807 + 1; expected value within int range
PASS invalid/runtime/div_zero_int
PASS invalid/runtime/shift_range_int
FAIL invalid/runtime/glyph_add
  stderr diverges
  node rc=1 cli rc=1
  stderr diff (normalized):
--- /var/folders/88/nw43wg1s4xb4dr4z8k09jw100000gn/T/tmp.ugOoFE90d8	2026-02-19 01:12:56
+++ /var/folders/88/nw43wg1s4xb4dr4z8k09jw100000gn/T/tmp.y0Z0dTbVdg	2026-02-19 01:12:56
@@ -1 +1 @@
-/Users/avialle/dev/ProtoScript2/tests/invalid/runtime/glyph_add.pts:4:17 R1010 RUNTIME_TYPE_ERROR: invalid glyph operation. got value; expected compatible type
+/Users/avialle/dev/ProtoScript2/tests/invalid/runtime/glyph_add.pts:4:17 R1010 RUNTIME_TYPE_ERROR: invalid operand types. got value + value; expected numeric operands
FAIL invalid/runtime/glyph_unary
  stderr diverges
  node rc=1 cli rc=1
  stderr diff (normalized):
--- /var/folders/88/nw43wg1s4xb4dr4z8k09jw100000gn/T/tmp.cWRmtM9qkY	2026-02-19 01:12:56
+++ /var/folders/88/nw43wg1s4xb4dr4z8k09jw100000gn/T/tmp.rtAKSVU6jP	2026-02-19 01:12:56
@@ -1 +1 @@
-/Users/avialle/dev/ProtoScript2/tests/invalid/runtime/glyph_unary.pts:3:15 R1010 RUNTIME_TYPE_ERROR: invalid glyph operation. got value; expected compatible type
+/Users/avialle/dev/ProtoScript2/tests/invalid/runtime/glyph_unary.pts:3:15 R1010 RUNTIME_TYPE_ERROR: invalid operand type. got value; expected int
FAIL invalid/runtime/list_index_oob
  stderr diverges
  node rc=1 cli rc=1
  stderr diff (normalized):
--- /var/folders/88/nw43wg1s4xb4dr4z8k09jw100000gn/T/tmp.XjMEqLr9Ig	2026-02-19 01:12:57
+++ /var/folders/88/nw43wg1s4xb4dr4z8k09jw100000gn/T/tmp.LCpjZioOHs	2026-02-19 01:12:57
@@ -1 +1 @@
-/Users/avialle/dev/ProtoScript2/tests/invalid/runtime/list_index_oob.pts:5:13 R1002 RUNTIME_INDEX_OOB: index out of bounds. got 10; expected index within bounds
+/Users/avialle/dev/ProtoScript2/tests/invalid/runtime/list_index_oob.pts:5:13 R1002 RUNTIME_INDEX_OOB: index out of bounds. got 10; expected 0..2
PASS invalid/runtime/map_missing_key
FAIL invalid/runtime/index_get_string_oob
  stderr diverges
  node rc=1 cli rc=1
  stderr diff (normalized):
--- /var/folders/88/nw43wg1s4xb4dr4z8k09jw100000gn/T/tmp.RyYQF3c2vo	2026-02-19 01:12:57
+++ /var/folders/88/nw43wg1s4xb4dr4z8k09jw100000gn/T/tmp.MgE5vvw1n1	2026-02-19 01:12:57
@@ -1 +1 @@
-/Users/avialle/dev/ProtoScript2/tests/invalid/runtime/index_get_string_oob.pts:5:15 R1002 RUNTIME_INDEX_OOB: index out of bounds. got 2; expected index within bounds
+/Users/avialle/dev/ProtoScript2/tests/invalid/runtime/index_get_string_oob.pts:5:15 R1002 RUNTIME_INDEX_OOB: index out of bounds. got 2; expected 0..1
FAIL invalid/runtime/index_set_list_oob
  stderr diverges
  node rc=1 cli rc=1
  stderr diff (normalized):
--- /var/folders/88/nw43wg1s4xb4dr4z8k09jw100000gn/T/tmp.5z2HPBgLti	2026-02-19 01:12:57
+++ /var/folders/88/nw43wg1s4xb4dr4z8k09jw100000gn/T/tmp.v0uPdpNhWO	2026-02-19 01:12:57
@@ -1 +1 @@
-/Users/avialle/dev/ProtoScript2/tests/invalid/runtime/index_set_list_oob.pts:5:5 R1002 RUNTIME_INDEX_OOB: index out of bounds. got 5; expected index within bounds
+/Users/avialle/dev/ProtoScript2/tests/invalid/runtime/index_set_list_oob.pts:5:5 R1002 RUNTIME_INDEX_OOB: index out of bounds. got 5; expected 0..0
FAIL invalid/runtime/index_get_string_oob_emoji
  stderr diverges
  node rc=1 cli rc=1
  stderr diff (normalized):
--- /var/folders/88/nw43wg1s4xb4dr4z8k09jw100000gn/T/tmp.PwWfiF4Rr7	2026-02-19 01:12:57
+++ /var/folders/88/nw43wg1s4xb4dr4z8k09jw100000gn/T/tmp.ktyZv7B29t	2026-02-19 01:12:57
@@ -1 +1 @@
-/Users/avialle/dev/ProtoScript2/tests/invalid/runtime/index_get_string_oob_emoji.pts:5:15 R1002 RUNTIME_INDEX_OOB: index out of bounds. got 3; expected index within bounds
+/Users/avialle/dev/ProtoScript2/tests/invalid/runtime/index_get_string_oob_emoji.pts:5:15 R1002 RUNTIME_INDEX_OOB: index out of bounds. got 3; expected 0..2
FAIL invalid/runtime/index_get_string_oob_combining
  stderr diverges
  node rc=1 cli rc=1
  stderr diff (normalized):
--- /var/folders/88/nw43wg1s4xb4dr4z8k09jw100000gn/T/tmp.yauQENC9g3	2026-02-19 01:12:57
+++ /var/folders/88/nw43wg1s4xb4dr4z8k09jw100000gn/T/tmp.KTeL8WlJWU	2026-02-19 01:12:57
@@ -1 +1 @@
-/Users/avialle/dev/ProtoScript2/tests/invalid/runtime/index_get_string_oob_combining.pts:5:15 R1002 RUNTIME_INDEX_OOB: index out of bounds. got 2; expected index within bounds
+/Users/avialle/dev/ProtoScript2/tests/invalid/runtime/index_get_string_oob_combining.pts:5:15 R1002 RUNTIME_INDEX_OOB: index out of bounds. got 2; expected 0..1
PASS invalid/runtime/list_pop_empty_runtime
FAIL invalid/runtime/int_to_byte_range
  stderr diverges
  node rc=1 cli rc=1
  stderr diff (normalized):
--- /var/folders/88/nw43wg1s4xb4dr4z8k09jw100000gn/T/tmp.JeW96wnk0t	2026-02-19 01:12:58
+++ /var/folders/88/nw43wg1s4xb4dr4z8k09jw100000gn/T/tmp.nWlFVhFxUp	2026-02-19 01:12:58
@@ -1 +1 @@
-/Users/avialle/dev/ProtoScript2/tests/invalid/runtime/int_to_byte_range.pts:3:15 R1008 RUNTIME_BYTE_RANGE: byte out of range. got value; expected 0..255
+/Users/avialle/dev/ProtoScript2/tests/invalid/runtime/int_to_byte_range.pts:3:15 R1008 RUNTIME_BYTE_RANGE: byte out of range. got 300; expected 0..255
FAIL invalid/runtime/string_to_int_invalid
  stderr diverges
  node rc=1 cli rc=1
  stderr diff (normalized):
--- /var/folders/88/nw43wg1s4xb4dr4z8k09jw100000gn/T/tmp.mgeRIt8RlO	2026-02-19 01:12:58
+++ /var/folders/88/nw43wg1s4xb4dr4z8k09jw100000gn/T/tmp.nLhh16C87C	2026-02-19 01:12:58
@@ -1 +1 @@
-/Users/avialle/dev/ProtoScript2/tests/invalid/runtime/string_to_int_invalid.pts:3:14 R1010 RUNTIME_TYPE_ERROR: invalid int format. got string; expected int literal
+/Users/avialle/dev/ProtoScript2/tests/invalid/runtime/string_to_int_invalid.pts:3:14 R1010 RUNTIME_TYPE_ERROR: invalid int format. got abc; expected int literal
FAIL invalid/runtime/string_to_float_invalid
  stderr diverges
  node rc=1 cli rc=1
  stderr diff (normalized):
--- /var/folders/88/nw43wg1s4xb4dr4z8k09jw100000gn/T/tmp.s1ePIOM06o	2026-02-19 01:12:58
+++ /var/folders/88/nw43wg1s4xb4dr4z8k09jw100000gn/T/tmp.l1VOi7JoOX	2026-02-19 01:12:58
@@ -1 +1 @@
-/Users/avialle/dev/ProtoScript2/tests/invalid/runtime/string_to_float_invalid.pts:3:16 R1010 RUNTIME_TYPE_ERROR: invalid float format. got string; expected float literal
+/Users/avialle/dev/ProtoScript2/tests/invalid/runtime/string_to_float_invalid.pts:3:16 R1010 RUNTIME_TYPE_ERROR: invalid float format. got x1; expected float literal
FAIL invalid/runtime/string_substring_oob
  stderr diverges
  node rc=1 cli rc=1
  stderr diff (normalized):
--- /var/folders/88/nw43wg1s4xb4dr4z8k09jw100000gn/T/tmp.50U7dNElx0	2026-02-19 01:12:58
+++ /var/folders/88/nw43wg1s4xb4dr4z8k09jw100000gn/T/tmp.xlZYHReDVt	2026-02-19 01:12:58
@@ -1 +1 @@
-/Users/avialle/dev/ProtoScript2/tests/invalid/runtime/string_substring_oob.pts:5:17 R1002 RUNTIME_INDEX_OOB: index out of bounds. got start=2, length=2; expected range within string
+/Users/avialle/dev/ProtoScript2/tests/invalid/runtime/string_substring_oob.pts:5:17 R1002 RUNTIME_INDEX_OOB: index out of bounds. got start/length; expected range within string
FAIL invalid/runtime/view_oob
  stderr diverges
  node rc=1 cli rc=1
  stderr diff (normalized):
--- /var/folders/88/nw43wg1s4xb4dr4z8k09jw100000gn/T/tmp.PSbR5w2BaY	2026-02-19 01:12:58
+++ /var/folders/88/nw43wg1s4xb4dr4z8k09jw100000gn/T/tmp.ULzZPe2vRQ	2026-02-19 01:12:58
@@ -1 +1 @@
-/Users/avialle/dev/ProtoScript2/tests/invalid/runtime/view_oob.pts:3:21 R1002 RUNTIME_INDEX_OOB: index out of bounds. got offset/length; expected within source
+/Users/avialle/dev/ProtoScript2/tests/invalid/runtime/view_oob.pts:3:21 R1002 RUNTIME_INDEX_OOB: index out of bounds. got offset=2 len=2; expected offset+len <= 3
PASS invalid/runtime/view_invalidated_push
PASS invalid/runtime/slice_invalidated_pop
PASS invalid/runtime/utf8_invalid_bytes
FAIL invalid/runtime/module_noinit
  stderr diverges
  node rc=1 cli rc=1
  stderr diff (normalized):
--- /var/folders/88/nw43wg1s4xb4dr4z8k09jw100000gn/T/tmp.gbZUzy0QSQ	2026-02-19 01:13:01
+++ /var/folders/88/nw43wg1s4xb4dr4z8k09jw100000gn/T/tmp.KPo0vwa3Yh	2026-02-19 01:13:01
@@ -1 +1 @@
-/Users/avialle/dev/ProtoScript2/tests/invalid/runtime/module_noinit.pts:1:21 R1010 RUNTIME_MODULE_ERROR: module not found. got module or symbol; expected available module/symbol
+/Users/avialle/dev/ProtoScript2/tests/invalid/runtime/module_noinit.pts:4:9 R1010 RUNTIME_MODULE_ERROR: module not found. got test.noinit; expected available module
FAIL invalid/runtime/module_badver
  stderr diverges
  node rc=1 cli rc=1
  stderr diff (normalized):
--- /var/folders/88/nw43wg1s4xb4dr4z8k09jw100000gn/T/tmp.g7QQEy3ELy	2026-02-19 01:13:01
+++ /var/folders/88/nw43wg1s4xb4dr4z8k09jw100000gn/T/tmp.OEgIpflxJ9	2026-02-19 01:13:01
@@ -1 +1 @@
-/Users/avialle/dev/ProtoScript2/tests/invalid/runtime/module_badver.pts:1:21 R1010 RUNTIME_MODULE_ERROR: module not found. got module or symbol; expected available module/symbol
+/Users/avialle/dev/ProtoScript2/tests/invalid/runtime/module_badver.pts:4:9 R1010 RUNTIME_MODULE_ERROR: module not found. got test.badver; expected available module
FAIL invalid/runtime/module_nosym
  stderr diverges
  node rc=1 cli rc=1
  stderr diff (normalized):
--- /var/folders/88/nw43wg1s4xb4dr4z8k09jw100000gn/T/tmp.faOXr37z3v	2026-02-19 01:13:02
+++ /var/folders/88/nw43wg1s4xb4dr4z8k09jw100000gn/T/tmp.cGD4lQ9Xfd	2026-02-19 01:13:02
@@ -1 +1 @@
-/Users/avialle/dev/ProtoScript2/tests/invalid/runtime/module_nosym.pts:1:20 R1010 RUNTIME_MODULE_ERROR: symbol not found. got module or symbol; expected available module/symbol
+/Users/avialle/dev/ProtoScript2/tests/invalid/runtime/module_nosym.pts:4:12 R1010 RUNTIME_MODULE_ERROR: symbol not found. got missing; expected exported symbol
FAIL invalid/runtime/module_not_found
  stderr diverges
  node rc=1 cli rc=1
  stderr diff (normalized):
--- /var/folders/88/nw43wg1s4xb4dr4z8k09jw100000gn/T/tmp.QRU4gDYqwr	2026-02-19 01:13:02
+++ /var/folders/88/nw43wg1s4xb4dr4z8k09jw100000gn/T/tmp.6KEAE0jsnj	2026-02-19 01:13:02
@@ -1 +1 @@
-/Users/avialle/dev/ProtoScript2/tests/invalid/runtime/module_not_found.pts:1:22 R1010 RUNTIME_MODULE_ERROR: module not found. got module or symbol; expected available module/symbol
+/Users/avialle/dev/ProtoScript2/tests/invalid/runtime/module_not_found.pts:4:9 R1010 RUNTIME_MODULE_ERROR: module not found. got test.missing; expected available module
FAIL invalid/runtime/math_type_error
  stderr diverges
  node rc=1 cli rc=1
  stderr diff (normalized):
--- /var/folders/88/nw43wg1s4xb4dr4z8k09jw100000gn/T/tmp.SsP1ZRkLB5	2026-02-19 01:13:02
+++ /var/folders/88/nw43wg1s4xb4dr4z8k09jw100000gn/T/tmp.OJNJ3zU3DR	2026-02-19 01:13:02
@@ -1 +1 @@
-/Users/avialle/dev/ProtoScript2/tests/invalid/runtime/math_type_error.pts:4:9 R1010 RUNTIME_TYPE_ERROR: invalid argument. got string; expected float
+/Users/avialle/dev/ProtoScript2/tests/invalid/runtime/math_type_error.pts:4:9 R1010 RUNTIME_TYPE_ERROR: expected float
PASS invalid/runtime/io_invalid_mode
PASS invalid/runtime/io_read_size_invalid
PASS invalid/runtime/io_write_type_text
PASS invalid/runtime/io_write_type_binary
PASS invalid/runtime/io_close_std
PASS invalid/runtime/io_after_close
FAIL invalid/runtime/io_utf8_invalid
  stderr diverges
  node rc=1 cli rc=1
  stderr diff (normalized):
--- /var/folders/88/nw43wg1s4xb4dr4z8k09jw100000gn/T/tmp.AX3RMAJ2t7	2026-02-19 01:13:04
+++ /var/folders/88/nw43wg1s4xb4dr4z8k09jw100000gn/T/tmp.NzBDLiC7Xt	2026-02-19 01:13:04
@@ -1 +1 @@
-ps_tmp:13:10 R1011 UNHANDLED_EXCEPTION: unhandled exception. got Utf8DecodeException("invalid UTF-8 sequence"); expected matching catch
+/Users/avialle/dev/ProtoScript2/tests/invalid/runtime/io_utf8_invalid.pts:13:10 R1011 UNHANDLED_EXCEPTION: unhandled exception. got Utf8DecodeException("invalid UTF-8"); expected matching catch
FAIL invalid/runtime/json_decode_invalid
  stderr diverges
  node rc=1 cli rc=1
  stderr diff (normalized):
--- /var/folders/88/nw43wg1s4xb4dr4z8k09jw100000gn/T/tmp.Fkgxv15qKa	2026-02-19 01:13:05
+++ /var/folders/88/nw43wg1s4xb4dr4z8k09jw100000gn/T/tmp.DIxMs4jR49	2026-02-19 01:13:05
@@ -1 +1 @@
-/Users/avialle/dev/ProtoScript2/tests/invalid/runtime/json_decode_invalid.pts:4:9 R1010 RUNTIME_JSON_ERROR: invalid JSON. got JSON value; expected expected JSON type
+/Users/avialle/dev/ProtoScript2/tests/invalid/runtime/json_decode_invalid.pts:4:9 R1010 RUNTIME_JSON_ERROR: invalid JSON object
FAIL invalid/runtime/json_encode_nan
  stderr diverges
  node rc=1 cli rc=1
  stderr diff (normalized):
--- /var/folders/88/nw43wg1s4xb4dr4z8k09jw100000gn/T/tmp.RHJjJGE3fx	2026-02-19 01:13:05
+++ /var/folders/88/nw43wg1s4xb4dr4z8k09jw100000gn/T/tmp.3VsysGTnib	2026-02-19 01:13:05
@@ -1 +1 @@
-/Users/avialle/dev/ProtoScript2/tests/invalid/runtime/json_encode_nan.pts:5:9 R1010 RUNTIME_JSON_ERROR: invalid JSON number. got JSON value; expected expected JSON type
+/Users/avialle/dev/ProtoScript2/tests/invalid/runtime/json_encode_nan.pts:5:9 R1010 RUNTIME_JSON_ERROR: invalid JSON number
PASS invalid/runtime/unhandled_exception
FAIL invalid/runtime/manual_ex060
  stderr diverges
  node rc=1 cli rc=1
  stderr diff (normalized):
--- /var/folders/88/nw43wg1s4xb4dr4z8k09jw100000gn/T/tmp.VB6XbtznAf	2026-02-19 01:13:05
+++ /var/folders/88/nw43wg1s4xb4dr4z8k09jw100000gn/T/tmp.PWJm4mp2MN	2026-02-19 01:13:05
@@ -1 +1 @@
-/Users/avialle/dev/ProtoScript2/tests/invalid/runtime/manual_ex060.pts:4:5 R1002 RUNTIME_INDEX_OOB: index out of bounds. got 3; expected index within bounds
+EX-060.pts:4:5 R1002 RUNTIME_INDEX_OOB: index out of bounds. got 3; expected 0..0
FAIL invalid/runtime/manual_ex063
  stderr diverges
  node rc=1 cli rc=1
  stderr diff (normalized):
--- /var/folders/88/nw43wg1s4xb4dr4z8k09jw100000gn/T/tmp.oPzAO4WMSK	2026-02-19 01:13:06
+++ /var/folders/88/nw43wg1s4xb4dr4z8k09jw100000gn/T/tmp.zUWFiBnclR	2026-02-19 01:13:06
@@ -1 +1 @@
-/Users/avialle/dev/ProtoScript2/tests/invalid/runtime/manual_ex063.pts:5:13 R1003 RUNTIME_MISSING_KEY: missing key. got "absent"; expected present key
+EX-063.pts:5:13 R1003 RUNTIME_MISSING_KEY: missing key. got "absent"; expected present key
PASS valid/visibility_internal/internal_access_same_prototype_method
PASS valid/visibility_internal/internal_access_child_method
PASS valid/visibility_internal/internal_call_internal_method_via_public
PASS regexp/compile_basic
FAIL regexp/compile_forbidden_lookahead
  stderr diverges
  node rc=1 cli rc=1
  stderr diff (normalized):
--- /var/folders/88/nw43wg1s4xb4dr4z8k09jw100000gn/T/tmp.oh7u6w7mhP	2026-02-19 01:13:07
+++ /var/folders/88/nw43wg1s4xb4dr4z8k09jw100000gn/T/tmp.n4BnmGaKxr	2026-02-19 01:13:07
@@ -1 +1 @@
-/Users/avialle/dev/ProtoScript2/tests/regexp/compile_forbidden_lookahead.pts:4:11 R1010 RUNTIME_MODULE_ERROR: RegExpSyntax: forbidden metasyntax (backreference/lookaround). got module or symbol; expected available module/symbol
+/Users/avialle/dev/ProtoScript2/tests/regexp/compile_forbidden_lookahead.pts:4:11 R1011 UNHANDLED_EXCEPTION: unhandled exception. got RuntimeException("RegExpSyntax: forbidden metasyntax (backreference/lookaround)"); expected matching catch
FAIL regexp/compile_unclosed_paren
  stderr diverges
  node rc=1 cli rc=1
  stderr diff (normalized):
--- /var/folders/88/nw43wg1s4xb4dr4z8k09jw100000gn/T/tmp.Uj2hKrsIZ4	2026-02-19 01:13:07
+++ /var/folders/88/nw43wg1s4xb4dr4z8k09jw100000gn/T/tmp.5tBHB91cvm	2026-02-19 01:13:07
@@ -1 +1 @@
-/Users/avialle/dev/ProtoScript2/tests/regexp/compile_unclosed_paren.pts:4:11 R1010 RUNTIME_MODULE_ERROR: RegExpSyntax: Invalid regular expression: /(abc/: Unterminated group. got module or symbol; expected available module/symbol
+/Users/avialle/dev/ProtoScript2/tests/regexp/compile_unclosed_paren.pts:4:11 R1011 UNHANDLED_EXCEPTION: unhandled exception. got RuntimeException("RegExpSyntax: unclosed parenthesis"); expected matching catch
PASS regexp/find_groups
PASS regexp/replace_all_backrefs
PASS regexp/split_basic
PASS regexp/utf8_indices
FAIL regexp/range_start_invalid
  stderr diverges
  node rc=1 cli rc=1
  stderr diff (normalized):
--- /var/folders/88/nw43wg1s4xb4dr4z8k09jw100000gn/T/tmp.cnxCB55mvE	2026-02-19 01:13:08
+++ /var/folders/88/nw43wg1s4xb4dr4z8k09jw100000gn/T/tmp.diO8qgDztq	2026-02-19 01:13:08
@@ -1 +1 @@
-/Users/avialle/dev/ProtoScript2/tests/regexp/range_start_invalid.pts:5:6 R1010 RUNTIME_MODULE_ERROR: RegExpRange: start out of range. got module or symbol; expected available module/symbol
+/Users/avialle/dev/ProtoScript2/tests/regexp/range_start_invalid.pts:5:6 R1011 UNHANDLED_EXCEPTION: unhandled exception. got RuntimeException("RegExpRange: start out of range"); expected matching catch
FAIL regexp/range_max_invalid
  stderr diverges
  node rc=1 cli rc=1
  stderr diff (normalized):
--- /var/folders/88/nw43wg1s4xb4dr4z8k09jw100000gn/T/tmp.2r1pQlFLGL	2026-02-19 01:13:08
+++ /var/folders/88/nw43wg1s4xb4dr4z8k09jw100000gn/T/tmp.hNnbO4AR2h	2026-02-19 01:13:08
@@ -1 +1 @@
-/Users/avialle/dev/ProtoScript2/tests/regexp/range_max_invalid.pts:5:6 R1010 RUNTIME_MODULE_ERROR: RegExpRange: max out of range. got module or symbol; expected available module/symbol
+/Users/avialle/dev/ProtoScript2/tests/regexp/range_max_invalid.pts:5:6 R1011 UNHANDLED_EXCEPTION: unhandled exception. got RuntimeException("RegExpRange: max out of range"); expected matching catch
FAIL regexp/range_replace_max_invalid
  stderr diverges
  node rc=1 cli rc=1
  stderr diff (normalized):
--- /var/folders/88/nw43wg1s4xb4dr4z8k09jw100000gn/T/tmp.8XfsnV7pPc	2026-02-19 01:13:08
+++ /var/folders/88/nw43wg1s4xb4dr4z8k09jw100000gn/T/tmp.m3N2aPADaR	2026-02-19 01:13:08
@@ -1 +1 @@
-/Users/avialle/dev/ProtoScript2/tests/regexp/range_replace_max_invalid.pts:5:6 R1010 RUNTIME_MODULE_ERROR: RegExpRange: max out of range. got module or symbol; expected available module/symbol
+/Users/avialle/dev/ProtoScript2/tests/regexp/range_replace_max_invalid.pts:5:6 R1011 UNHANDLED_EXCEPTION: unhandled exception. got RuntimeException("RegExpRange: max out of range"); expected matching catch
FAIL regexp/range_maxparts_invalid
  stderr diverges
  node rc=1 cli rc=1
  stderr diff (normalized):
--- /var/folders/88/nw43wg1s4xb4dr4z8k09jw100000gn/T/tmp.OZSVJkdgVe	2026-02-19 01:13:08
+++ /var/folders/88/nw43wg1s4xb4dr4z8k09jw100000gn/T/tmp.ufwlPyW23Q	2026-02-19 01:13:08
@@ -1 +1 @@
-/Users/avialle/dev/ProtoScript2/tests/regexp/range_maxparts_invalid.pts:5:6 R1010 RUNTIME_MODULE_ERROR: RegExpRange: maxParts out of range. got module or symbol; expected available module/symbol
+/Users/avialle/dev/ProtoScript2/tests/regexp/range_maxparts_invalid.pts:5:6 R1011 UNHANDLED_EXCEPTION: unhandled exception. got RuntimeException("RegExpRange: maxParts out of range"); expected matching catch
PASS regexp/findall_empty_anchor
PASS regexp/findall_unlimited_neg1
PASS regexp/nested_quantifiers
PASS regexp/nested_quantifiers_nomatch
PASS regexp/non_greedy_behavior
PASS regexp/replace_backrefs
PASS regexp/replaceall_unlimited_neg1
PASS regexp/replace_backrefs_out_of_range
PASS regexp/match_empty_antiloop
PASS regexp/match_semantics
PASS regexp/shorthand_classes
PASS regexp/utf8_glyph_boundaries
PASS regexp/split_empty_match
PASS regexp/split_unlimited_neg1
PASS regexp/flags_im_s
PASS regexp/invalid_syntax
FAIL edge/overflow_int_add
  stderr diverges
  node rc=1 cli rc=1
  stderr diff (normalized):
--- /var/folders/88/nw43wg1s4xb4dr4z8k09jw100000gn/T/tmp.HIz2eHzaaV	2026-02-19 01:13:12
+++ /var/folders/88/nw43wg1s4xb4dr4z8k09jw100000gn/T/tmp.waSKFhtpRO	2026-02-19 01:13:12
@@ -1 +1 @@
-/Users/avialle/dev/ProtoScript2/tests/edge/overflow_int_add.pts:5:13 R1001 RUNTIME_INT_OVERFLOW: int overflow. got value; expected value within int range
+/Users/avialle/dev/ProtoScript2/tests/edge/overflow_int_add.pts:5:13 R1001 RUNTIME_INT_OVERFLOW: int overflow. got 9223372036854775807 + 1; expected value within int range
FAIL edge/oob_list_index
  stderr diverges
  node rc=1 cli rc=1
  stderr diff (normalized):
--- /var/folders/88/nw43wg1s4xb4dr4z8k09jw100000gn/T/tmp.uOQouuxwz2	2026-02-19 01:13:12
+++ /var/folders/88/nw43wg1s4xb4dr4z8k09jw100000gn/T/tmp.3FCPtKt591	2026-02-19 01:13:12
@@ -1 +1 @@
-/Users/avialle/dev/ProtoScript2/tests/edge/oob_list_index.pts:5:13 R1002 RUNTIME_INDEX_OOB: index out of bounds. got 5; expected index within bounds
+/Users/avialle/dev/ProtoScript2/tests/edge/oob_list_index.pts:5:13 R1002 RUNTIME_INDEX_OOB: index out of bounds. got 5; expected 0..2
PASS edge/variadic_empty_call
PASS edge/method_variadic_empty
PASS edge/method_variadic_with_args
PASS edge/method_variadic_fixed_plus
PASS edge/variadic_view_empty_length
PASS edge/variadic_view_nonempty_length
PASS edge/proto_field_init_scalar_const
PASS edge/proto_field_init_list_literal
PASS edge/proto_field_init_inheritance
PASS edge/proto_field_init_override_no_impact
PASS edge/proto_field_init_clone_repeated
PASS edge/map_key_present
PASS edge/map_iteration_in
PASS edge/map_iteration_of
PASS edge/map_update_then_lookup
PASS edge/map_insert_on_set
PASS edge/map_empty_literal_typed_set
PASS edge/map_alias_set_updates_original
PASS edge/map_alias_chain_set_updates_root
PASS edge/map_methods_basic
PASS edge/map_remove_order
PASS edge/call_static_basic
PASS edge/call_static_nested
FAIL edge/clone_super_initial_divergent
  exit code diverges (0 vs 2)
  node rc=0 cli rc=2
  node stdout:
123
7
9
109
1234
  cli stdout:
  node stderr:
  cli stderr:
/Users/avialle/dev/ProtoScript2/tests/edge/clone_super_initial_divergent.pts:30:1 E3001 TYPE_MISMATCH_ASSIGNMENT: override signature mismatch
PASS edge/clone_inherited_override
FAIL edge/super_clone_init
  exit code diverges (0 vs 1)
  node rc=0 cli rc=1
  node stdout:
1
99
  cli stdout:
  node stderr:
  cli stderr:
/Users/avialle/dev/ProtoScript2/tests/edge/super_clone_init.pts:11:20 R1011 UNHANDLED_EXCEPTION: unhandled exception. got RuntimeException("runtime error. got missing exception; expected exception or error"); expected matching catch
FAIL edge/override_multilevel_super_nested_self_deep
  exit code diverges (0 vs 2)
  node rc=0 cli rc=2
  node stdout:
RMLRM
RMLRM
  cli stdout:
  node stderr:
  cli stderr:
/Users/avialle/dev/ProtoScript2/tests/edge/override_multilevel_super_nested_self_deep.pts:20:1 E3001 TYPE_MISMATCH_ASSIGNMENT: override signature mismatch
FAIL edge/override_chain_order_self_specialization
  exit code diverges (0 vs 2)
  node rc=0 cli rc=2
  node stdout:
123
1
1123
  cli stdout:
  node stderr:
  cli stderr:
/Users/avialle/dev/ProtoScript2/tests/edge/override_chain_order_self_specialization.pts:26:1 E3001 TYPE_MISMATCH_ASSIGNMENT: override signature mismatch
PASS edge/index_get_list
PASS edge/index_get_map
PASS edge/index_set_list
PASS edge/index_set_map
PASS edge/compound_assign
PASS edge/group_stress
PASS edge/exception_derived
PASS edge/iter_list_of
PASS edge/iter_list_in
PASS edge/switch_cfg_case
PASS edge/switch_cfg_default
PASS edge/string_length_ascii
PASS edge/string_length_emoji
PASS edge/string_length_combining
PASS edge/string_indexof_emoji
PASS edge/string_indexof_notfound
PASS edge/string_starts_ends
PASS edge/string_split_basic
PASS edge/string_split_empty
PASS edge/string_trim_basic
PASS edge/string_trim_start_end
PASS edge/string_upper
PASS edge/string_replace_basic
PASS edge/string_substring_emoji
PASS edge/string_utf8_roundtrip
PASS edge/list_sort_suite
PASS edge/list_reverse_int
PASS edge/list_reverse_string
PASS edge/list_reverse_proto
PASS edge/list_reverse_empty
PASS edge/list_reverse_sort_consistency
PASS edge/glyph_basic
PASS edge/prototype_basic
PASS edge/prototype_inherit_static
PASS edge/prototype_parent_call
PASS edge/slice_view_list_basic
PASS edge/view_string_basic
PASS edge/int_methods
PASS edge/numeric_cast_valid
PASS edge/numeric_literal_context
PASS edge/int_bitwise_ops
PASS edge/int64_print
PASS edge/int64_print_io
PASS edge/int_min_literal
PASS edge/float_methods
PASS edge/glyph_methods
PASS edge/string_to_int_float
PASS edge/list_join_concat
PASS edge/if_basic
PASS edge/control_flow_continuation
PASS edge/proto_bool_field
PASS edge/list_methods_basic
PASS edge/default_values_local
PASS edge/default_values_proto
PASS edge/module_import_simple_add
PASS edge/module_namespace_call
PASS edge/module_utf8_roundtrip
PASS edge/module_import_path_basic
PASS edge/module_import_path_selective
PASS edge/module_import_name_priority
PASS edge/module_import_name_search_paths_second
PASS edge/module_try_catch
PASS edge/module_try_finally_rethrow
PASS edge/runtime_exception_filter
PASS edge/user_exception_filter
PASS edge/math_abs_min_max
PASS edge/math_constants
PASS edge/math_numeric_limits
PASS edge/math_extended
PASS edge/math_floor_ceil_round_pow_exp
PASS edge/math_trig_hyper
PASS edge/math_domain_no_error
PASS edge/math_random_range
PASS edge/math_random_variability
PASS edge/math_random_loop
PASS edge/json_encode_basic
PASS edge/json_decode_basic
PASS edge/json_decode_object_basic
PASS edge/json_decode_unicode_escape
PASS edge/json_isvalid
PASS edge/json_constructors
PASS edge/time_timezone_validation
PASS edge/time_utc_roundtrip
PASS edge/time_iso_week
PASS edge/time_iso_parse_format
PASS edge/time_dst_paris
PASS edge/io_text_roundtrip
PASS edge/io_temp_path
PASS edge/io_text_seek_tell
PASS edge/io_print
PASS edge/io_exceptions_basic
PASS edge/io_stdout_stderr
PASS edge/io_binary_read_write
PASS edge/io_eof_length_text
PASS edge/manual_ex001
PASS edge/manual_ex002
PASS edge/manual_ex004
PASS edge/manual_ex006
PASS edge/manual_ex007
PASS edge/manual_ex008
PASS edge/manual_ex009
PASS edge/manual_ex010
PASS edge/manual_ex011
PASS edge/manual_ex012
PASS edge/manual_ex013
PASS edge/manual_ex014
PASS edge/manual_ex015
PASS edge/manual_ex016
PASS edge/manual_ex018
PASS edge/manual_ex019
PASS edge/manual_ex021
PASS edge/manual_ex022
PASS edge/manual_ex023
PASS edge/manual_ex024
PASS edge/manual_ex025
PASS edge/manual_ex027
PASS edge/manual_ex029
PASS edge/manual_ex030
PASS edge/manual_ex031
PASS edge/manual_ex032
PASS edge/manual_ex033
PASS edge/manual_ex034
PASS edge/manual_ex035
PASS edge/manual_ex036
PASS edge/manual_ex037
PASS edge/manual_ex038
PASS edge/manual_ex039
PASS edge/manual_ex040
PASS edge/manual_ex041
PASS edge/manual_ex042
PASS edge/manual_ex044
PASS edge/manual_ex045
PASS edge/manual_ex046
PASS edge/manual_ex049
PASS edge/manual_ex051
PASS edge/manual_ex052
PASS edge/manual_ex054
PASS edge/manual_ex055
PASS edge/manual_ex056
PASS edge/manual_ex057
PASS edge/manual_ex059
PASS edge/manual_ex061
PASS edge/manual_ex062
PASS edge/manual_ex064
PASS edge/manual_ex065
PASS edge/manual_ex066
PASS edge/manual_ex067
PASS edge/manual_ex068
PASS edge/manual_ex069
PASS edge/manual_ex070
PASS edge/manual_ex071
PASS edge/manual_ex072
PASS edge/manual_ex073
PASS edge/manual_ex074
PASS edge/manual_ex075
PASS edge/manual_ex076
PASS edge/manual_ex079
PASS edge/manual_ex080
PASS edge/manual_ex081
PASS edge/manual_ex082
PASS edge/manual_ex083
PASS edge/manual_ex084
PASS edge/manual_ex085
PASS edge/manual_ex086
PASS edge/manual_ex087A
PASS edge/manual_ex087B
PASS edge/manual_ex087
PASS edge/manual_ex090
PASS edge/manual_ex093
PASS edge/manual_ex094
PASS edge/manual_ex095
PASS edge/manual_ex096
PASS edge/manual_ex097
PASS edge/manual_ex098
PASS edge/manual_ex003
PASS edge/manual_ex077
PASS edge/manual_ex081A
PASS edge/manual_ex088
PASS edge/manual_ex089
PASS edge/manual_ex091
PASS edge/manual_ex092
PASS edge/manual_ex099
PASS edge/manual_ex100
PASS edge/manual_ex101
PASS edge/manual_ex102
PASS edge/manual_ex103
PASS edge/manual_ex105
PASS edge/manual_ex106
PASS edge/manual_ex107
PASS edge/manual_ex108
PASS edge/manual_ex109
PASS edge/manual_ex110
PASS edge/manual_ex111
PASS edge/manual_ex112
PASS edge/manual_ex113
PASS edge/manual_ex114
PASS edge/manual_ex115
PASS edge/manual_ex116
PASS edge/manual_ex117
PASS fs/import_fs
FAIL fs/exceptions
  exit code diverges (0 vs 2)
  node rc=0 cli rc=2
  node stdout:
FileNotFoundException
NotADirectoryException
NotAFileException
PermissionDeniedException
DirectoryNotEmptyException
InvalidPathException
IOException
  cli stdout:
  node stderr:
  cli stderr:
/Users/avialle/dev/ProtoScript2/tests/fs/exceptions.pts:24:37 E3001 TYPE_MISMATCH_ASSIGNMENT: catch type must derive from Exception
PASS fs/queries
FAIL fs/size
  exit code diverges (0 vs 2)
  node rc=0 cli rc=2
  node stdout:
4
NotAFileException
PermissionDeniedException
FileNotFoundException
  cli stdout:
  node stderr:
  cli stderr:
/Users/avialle/dev/ProtoScript2/tests/fs/size.pts:18:32 E3001 TYPE_MISMATCH_ASSIGNMENT: catch type must derive from Exception
PASS fs/mutating
PASS fs/dir_iterator
PASS fs/walker
PASS sys/import_sys
FAIL sys/has_env
  exit code diverges (0 vs 2)
  node rc=0 cli rc=2
  node stdout:
true
false
InvalidEnvironmentNameException
InvalidEnvironmentNameException
true
  cli stdout:
  node stderr:
  cli stderr:
/Users/avialle/dev/ProtoScript2/tests/sys/has_env.pts:12:46 E3001 TYPE_MISMATCH_ASSIGNMENT: catch type must derive from Exception
FAIL sys/env
  exit code diverges (0 vs 2)
  node rc=0 cli rc=2
  node stdout:
abc
0
café
EnvironmentAccessException
InvalidEnvironmentNameException
EnvironmentAccessException
  cli stdout:
  node stderr:
  cli stderr:
/Users/avialle/dev/ProtoScript2/tests/sys/env.pts:17:41 E3001 TYPE_MISMATCH_ASSIGNMENT: catch type must derive from Exception
FAIL sys_execute/exit_code
  exit code diverges (0 vs 2)
  node rc=0 cli rc=2
  node stdout:
true
  cli stdout:
  node stderr:
  cli stderr:
/Users/avialle/dev/ProtoScript2/tests/sys_execute/exit_code.pts:8:55 E3001 TYPE_MISMATCH_ASSIGNMENT: incompatible operands
PASS sys_execute/stdout_only
PASS sys_execute/stderr_only
FAIL sys_execute/both_order
  exit code diverges (0 vs 2)
  node rc=0 cli rc=2
  node stdout:
true
  cli stdout:
  node stderr:
  cli stderr:
/Users/avialle/dev/ProtoScript2/tests/sys_execute/both_order.pts:8:34 E3001 TYPE_MISMATCH_ASSIGNMENT: incompatible operands
FAIL sys_execute/input_echo
  exit code diverges (0 vs 2)
  node rc=0 cli rc=2
  node stdout:
true
  cli stdout:
  node stderr:
  cli stderr:
/Users/avialle/dev/ProtoScript2/tests/sys_execute/input_echo.pts:9:77 E3001 TYPE_MISMATCH_ASSIGNMENT: incompatible operands
FAIL sys_execute/large_binary_output
  exit code diverges (0 vs 2)
  node rc=0 cli rc=2
  node stdout:
true
  cli stdout:
  node stderr:
  cli stderr:
/Users/avialle/dev/ProtoScript2/tests/sys_execute/large_binary_output.pts:14:31 E3001 TYPE_MISMATCH_ASSIGNMENT: incompatible operands
PASS sys_execute/args_variants
FAIL sys_execute/invalid_program
  exit code diverges (0 vs 2)
  node rc=0 cli rc=2
  node stdout:
InvalidExecutableException
  cli stdout:
  node stderr:
  cli stderr:
/Users/avialle/dev/ProtoScript2/tests/sys_execute/invalid_program.pts:9:41 E3001 TYPE_MISMATCH_ASSIGNMENT: catch type must derive from Exception
FAIL sys_execute/permission_denied
  exit code diverges (0 vs 2)
  node rc=0 cli rc=2
  node stdout:
ProcessPermissionException
  cli stdout:
  node stderr:
  cli stderr:
/Users/avialle/dev/ProtoScript2/tests/sys_execute/permission_denied.pts:16:41 E3001 TYPE_MISMATCH_ASSIGNMENT: catch type must derive from Exception
FAIL sys_execute/exec_failure
  exit code diverges (0 vs 2)
  node rc=0 cli rc=2
  node stdout:
ProcessExecutionException
  cli stdout:
  node stderr:
  cli stderr:
/Users/avialle/dev/ProtoScript2/tests/sys_execute/exec_failure.pts:15:40 E3001 TYPE_MISMATCH_ASSIGNMENT: catch type must derive from Exception
PASS sys_execute/invalid_utf8_output

Summary: PASS=271 FAIL=46 SKIP=0 TOTAL=317
RC:1
